<?xml version="1.0" encoding="UTF-8"?>
<!-- Generated by org.testng.reporters.JUnitXMLReporter -->
<testsuite ignored="0" hostname="LAP-45302Technology" failures="1" tests="2" name="OTOAPPOne" time="39.921" errors="0" timestamp="2021-09-21T21:14:41 IST">
  <testcase classname="Base.Apache_POI_TC" name="@AfterMethod tearDownMethod" time="0.002">
    <failure type="java.lang.NullPointerException">
      <![CDATA[java.lang.NullPointerException
at utility.ScreenshotUtility.getScreenshot(ScreenshotUtility.java:24)
at Base.Apache_POI_TC.tearDownMethod(Apache_POI_TC.java:198)
at java.base/java.util.ArrayList.forEach(ArrayList.java:1541)
... Removed 32 stack frames]]>
    </failure>
  </testcase> <!-- @AfterMethod tearDownMethod -->
  <testcase classname="Base.Apache_POI_TC" name="@AfterMethod tearDownMethod" time="-1.632239080896E9">
    <skipped/>
  </testcase> <!-- @AfterMethod tearDownMethod -->
  <testcase classname="oto.AddStockTest" name="verifyStockClick" time="5.299">
    <failure type="org.openqa.selenium.NoSuchElementException" message="An element could not be located on the page using the given search parameters.
For documentation on this error, please visit: http://seleniumhq.org/exceptions/no_such_element.html
Build info: version: &amp;apos;3.6.0&amp;apos;, revision: &amp;apos;6fbf3ec767&amp;apos;, time: &amp;apos;2017-09-27T15:28:36.4Z&amp;apos;
System info: host: &amp;apos;LAP-45302Technology&amp;apos;, ip: &amp;apos;192.168.43.29&amp;apos;, os.name: &amp;apos;Linux&amp;apos;, os.arch: &amp;apos;amd64&amp;apos;, os.version: &amp;apos;5.11.0-34-generic&amp;apos;, java.version: &amp;apos;11.0.11&amp;apos;
Driver info: io.appium.java_client.android.AndroidDriver
Capabilities [{app=/home/abhishekgautam/Desktop/CoreMavenFramework/src/OTO Dealer Stage.apk, appPackage=com.oto.dealer.dev, deviceScreenSize=1080x2280, networkConnectionEnabled=true, statBarHeight=135.0, warnings={}, viewportRect={top=135.0, left=0.0, width=1080.0, height=1842.0}, databaseEnabled=false, deviceName=emulator-5554, platform=LINUX, deviceUDID=emulator-5554, desired={app=/home/abhishekgautam/Desktop/CoreMavenFramework/src/OTO Dealer Stage.apk, platformName=Android, deviceName=Android Device}, platformVersion=9, pixelRatio=2.75, webStorageEnabled=false, locationContextEnabled=false, takesScreenshot=true, javascriptEnabled=true, deviceScreenDensity=440.0, deviceModel=AOSP on IA Emulator, platformName=Android, deviceApiLevel=28.0, deviceManufacturer=Google}]
Session ID: c70183ae-e2c6-4b60-9246-1c3af84f33a4
*** Element info: {Using=xpath, value=//android.widget.FrameLayout[@index=&amp;apos;0&amp;apos;]//android.view.ViewGroup[@index=&amp;apos;2&amp;apos;]//android.widget.TextView[contains(@text,&amp;apos;Active Stock&amp;apos;)]/parent::android.view.ViewGroup/android.view.ViewGroup[@index=&amp;apos;5&amp;apos;]}">
      <![CDATA[org.openqa.selenium.NoSuchElementException: An element could not be located on the page using the given search parameters.
For documentation on this error, please visit: http://seleniumhq.org/exceptions/no_such_element.html
Build info: version: '3.6.0', revision: '6fbf3ec767', time: '2017-09-27T15:28:36.4Z'
System info: host: 'LAP-45302Technology', ip: '192.168.43.29', os.name: 'Linux', os.arch: 'amd64', os.version: '5.11.0-34-generic', java.version: '11.0.11'
Driver info: io.appium.java_client.android.AndroidDriver
Capabilities [{app=/home/abhishekgautam/Desktop/CoreMavenFramework/src/OTO Dealer Stage.apk, appPackage=com.oto.dealer.dev, deviceScreenSize=1080x2280, networkConnectionEnabled=true, statBarHeight=135.0, warnings={}, viewportRect={top=135.0, left=0.0, width=1080.0, height=1842.0}, databaseEnabled=false, deviceName=emulator-5554, platform=LINUX, deviceUDID=emulator-5554, desired={app=/home/abhishekgautam/Desktop/CoreMavenFramework/src/OTO Dealer Stage.apk, platformName=Android, deviceName=Android Device}, platformVersion=9, pixelRatio=2.75, webStorageEnabled=false, locationContextEnabled=false, takesScreenshot=true, javascriptEnabled=true, deviceScreenDensity=440.0, deviceModel=AOSP on IA Emulator, platformName=Android, deviceApiLevel=28.0, deviceManufacturer=Google}]
Session ID: c70183ae-e2c6-4b60-9246-1c3af84f33a4
*** Element info: {Using=xpath, value=//android.widget.FrameLayout[@index='0']//android.view.ViewGroup[@index='2']//android.widget.TextView[contains(@text,'Active Stock')]/parent::android.view.ViewGroup/android.view.ViewGroup[@index='5']}
at org.openqa.selenium.remote.http.W3CHttpResponseCodec.createException(W3CHttpResponseCodec.java:150)
at org.openqa.selenium.remote.http.W3CHttpResponseCodec.decode(W3CHttpResponseCodec.java:115)
at org.openqa.selenium.remote.http.W3CHttpResponseCodec.decode(W3CHttpResponseCodec.java:45)
at org.openqa.selenium.remote.HttpCommandExecutor.execute(HttpCommandExecutor.java:164)
at io.appium.java_client.remote.AppiumCommandExecutor.execute(AppiumCommandExecutor.java:52)
at org.openqa.selenium.remote.RemoteWebDriver.execute(RemoteWebDriver.java:637)
at io.appium.java_client.DefaultGenericMobileDriver.execute(DefaultGenericMobileDriver.java:42)
at io.appium.java_client.AppiumDriver.execute(AppiumDriver.java:1)
at io.appium.java_client.android.AndroidDriver.execute(AndroidDriver.java:1)
at org.openqa.selenium.remote.RemoteWebDriver.findElement(RemoteWebDriver.java:410)
at org.openqa.selenium.remote.RemoteWebDriver.findElementByXPath(RemoteWebDriver.java:509)
at io.appium.java_client.DefaultGenericMobileDriver.findElementByXPath(DefaultGenericMobileDriver.java:132)
at io.appium.java_client.AppiumDriver.findElementByXPath(AppiumDriver.java:1)
at io.appium.java_client.android.AndroidDriver.findElementByXPath(AndroidDriver.java:1)
at oto.AddStockTest.verifyStockClick(AddStockTest.java:24)
at java.base/java.util.ArrayList.forEach(ArrayList.java:1541)
... Removed 31 stack frames]]>
    </failure>
  </testcase> <!-- verifyStockClick -->
  <testcase classname="oto.AddStockTest" name="verifyFillStockForm" time="0.0">
    <skipped/>
  </testcase> <!-- verifyFillStockForm -->
</testsuite> <!-- OTOAPPOne -->
